[   0.0000Iniaizi cgousubs cse
[    0.0000 Iitialincgro ssy cpu
  0.0000] itliing cgroup subsys cpuacct
[    0.000000] Linux version 4.4.0-31-generic (buildd@lgw01-16) (gcc version 5.3.1 20160413 (Ubuntu 5.3.1-14ubuntu2.1) ) #50-Ubuntu SMP Wed Jul 13 00:07:12 UTC 01(Uuntu 4.4.0-31.50enec 4.4.13)
[    0.000000] Command line: BOOT_IMAGE=/boot/vmnu4..0-31-generic root=LABEL=cloudimg-rootffs r csoe=tty1 console=ttyS0
[    0.000000] KERNEL supported cpus:
[    0.000000]   Intel GenuineIntel
[    0.000000]   AMD AuthenticAMD
[    0.0000]   Cntaur CentaurHauls
[    0.000000] x86/fpu: xstate_offset[2]:  576, xstate_sizes[2]:  256
[   0.000000] x86/fpu: Supporting XSAVE feature 0x01: 'x87 floating point registers'
[    0.000000] x86/fpu: Supporting XSAVE feature 0x02: 'SSE registers'
[    0.000000] x86/fpu: Supporting XSAVE feature 0x04: 'AVX registers'
[    0.000000] x86/fpu: Enabled xstate features 0x7, cntxt size is 832 bytes, using 'standard' format.
[    0.000000] x86/fpu: Using 'lazy' FPU context switches.
[    0.000000] e820: BIOS-provided physical RAM map:
[    0.000000] BIOS-e820: [mem 0x0000000000000000-0x000000000009fbff] usable
[    0.000000] BIOS-e820: [mem 0x000000000009fc00-0x000000000009ffff] reserve
   0.000000] BIOS-e820: [mem 0x00000000000f0000-0x00000000000fffff] reserved
[    0.000000] BIOS-e820: [mem 0x0000000000100000-0x00000000dffeffff] usable
[    0.000000] BIOS-e820: [mem 0x00000000dfff0000-0x00000000dfffffff] ACPI data
[    0.000000] BIOS-e820: [mem 0x00000000fffc0000-0x00000000ffffffff] reserved
[    0.000000] BIOS-e820: [mem 0x0000000100000000-0x000000011fffffff] usable
[    0.000000] NX (Execute Disable) roecio: active
[    0.000000] SMBIOS 2.5 present.
[    0.000000] Hypervisor detected: KVM
[    0.000000] e820: last_pfn = 0x120000 max_arh_fn = 0x40000000
[   0.00000]x8/PT:Configuration [0-7]: WB  WC  UC- UC  WB  WC  UC- WT  
[    0.000000] MTRR: Disabled
[    0.000000] CPU MTRRs all blank - virtualze stem.
[   .000] e820: last_pfn = 0xdfff0 max_arch_pfn = 0x400000000
[    0.000000] found SMP MP-table a [em 0x0009fff0-0x0009ffff] mapped at [ffff88000009fff0]
[    0.000000] Scanning  aeas orlo mmoy corruption
[    0.000000] RAMDISK: [mem 0x371b8000-0x378d3fff]
[    0.000000] ACPI: rltale heks vrificti dsaled   0.0000ACPI: RSDP 0x00000000000E0000 000024 (v02 VBOX  )
[    0.000000] ACPI: XSDT 0x00000000DFFF0030 00003C (v01 VBOX   VBOXXSDT 00000001 ASL  00000061)
[    0.000000] ACPI: FACP 0x00000000DFFF00F0 0000F4 (v04 VBOX   VBOXFACP 00000001 ASL  00000061)
[    0.000000] ACP: DTx0000000FF4700010 (01VBOX  OXIOS 0002 INTL200528)
[   0.000] CPI: FACS 0x00000000DFFF02000040
[  000000] ACPI: FACS 0x00000000DFFF0200 000040
[    0.000000] ACPI: APIC x00000DF02 00005 (2 OX  VBAPC 00000001 ASL  00000061)
[    0.000000] ACPI: SSDT 0x00000000DFFF02A0 0001CC (v01 VBOX   VBOXCPUT 00000002 INTL 20100528)
[    0.000000] No NUMA configuration found
[    0.000000] Faking a node at [mem 0x0000000000000000-0x000000011fffff
[    0000 NOD_DA( allcad mem0x1ff7000x11ffbff
   0.000000] kvm-clock: Using msrs 4b564d01 and 4b564d00
[    0.000000] kvm-clock: cpu 0, msr 1:ff301, primry puclck
[    0.000000] kvm-clock: using sched offset of 3009138888 cycles
[    0.000000] clocksource: kvm-clock: mask: 0xffffffffffffffff max_cycles: 0x1cd42e4dffb, max_idle_ns: 881590591483 ns
[    0.000000] Zone ranges:
[   .0000]  DMA      [mem 0x0000000000001000-0x0000000000ffff][   0.00000  DMA3   [em0x0000001000-0x000000fffffff]
[    0.000000]   Normal   [mem 0x000000100000000x000011ffff]
[    0.000000]   Device   empty
[    0.000000] Movable zone start for each node
[    0.000000] Early memory node ranges
[    0.000000]   node   0: [mem 0x0000000000001000-0x000000000009efff]
[    0.000000]   node   0: [mem 0x0000000000100000-0x00000000dffeffff]
[    0.000000]   node   0: [mem 0x0000000100000000-0x000000011fffffff]
[    0.000000] Initmem setup node 0 [mem 0x0000000000001000-0x000000011fffffff]
[    .000000] API: PM-Timer IO Port: 0x4008
[    0.000000] IOAPIC[0]: apic_id 2, version 17, addre 0xfec00000, GSI 0-23
[    0.000000] ACPI: INT_SRC_OVR (bus 0 bus_irq 0 global_irq 2 dfl dfl)
[    0.000000] ACPI: INT_SRC_OVR (bus 0 bus_irq 9 global_irq 9 high level)
[    0.000000] Using ACPI (MADT) for SMP configuration information
[    0.000000] smpboot: Allowing 2 CPUs, 0 hotplug CPUs
[    0.000000] PM: Registered nosave memory: [mem 0x00000000-0x00000fff]
[    0.000000] PM: Registered nosave memory: [mem 0x0009f000-0x0009ffff]
[    0.00000]M: Registered nosave memory: [mem 0x000a0000-0x000effff]
[    0.000000] PM: Registered nosave memory: [mem 0x000f0000-0x000fffff]
[    0.000000] PM: Registered nosave memory: [mem 0xdfff0000-0xdfffffff]
[    0.000000] PM: Registered nosave memory: [mem 0xe0000000-0xfffbffff]
[    0.000000] PM: Registered nosave memory: [mem 0xfffc0000-0xffffffff]
[    0.000000] e820: [mem 0xe0000000-0xfffbffff] available for PCI devices
[    0.000000] Booting paravirtualized kernel on KVM
[    0.000000] clocksource: refined-jiffies: mask: 0xffffffff max_cycles: 0xffffffff, max_idle_ns: 7645519600211568 ns
[    0.000000] setup_percpu: NR_CPUS:256 nr_cpumask_bits:256 nr_cpu_ids:2 nr_node_ids:1
[    0.000000] PERCPU: Embedded 33 pages/cpu @ffff88011fc00000 s98008 r8192 d28968 u1048576
[    0.000000] PV qspinlock hash table entries: 256 (order: 0, 4096 bytes)
[    0.000000] Built 1 zonelists in Node order, mobility grouping on.  Total pages: 1032057
[    0.000000] Policy zone: Normal
[    0.00000] Kernel command line: BOOT_IMAGE=/boot/vmlinuz-4.4.0-31-generic root=LABEL=cloudimg-rootfs ro console=tty1 console=ttyS0
[    0.000000] PID hash table entries: 4096 (order: 3, 32768 bytes)
[    0.000000] Memory: 4035872K/4193848K available (8393K kernel code, 1282K rwdata, 3940K rodata, 1480K init, 1292K bss, 157976K reserved, 0K cma-reserved)
[    0.000000] SLUB: HWalign=64, Order=0-3, MinObjects=0, CPUs=2, Nodes=1
[    0.000000] Hierarchical RCU implementation.
[    0.000000] 	Build-time adjustment of leaf fanout to 64.
[    0.000000] 	RCU restricting CPUs from NR_CPUS=256 to nr_cpu_ids=2.
[    0.000000] RCU: Adjusting geometry for rcu_fanout_leaf=6, r_cp_i=2
[    0.000000] NR_IRQS:16640 nr_irqs:440 16
[    0.000000] Console: colour VGA+ 80x25
[    0.000000] console [tty1] enabled
[    0.000000] console [ttyS0] enabled
[    0.000000] tsc: Detected 3292.388 MHz processor
[    3.542191] Calibrating delay loop (skipped) preset value.. 6584.77 BogoMIPS (lpj=13169552)
[    3.569585] pid_max: default: 32768 minimum: 301
[    3.580671] ACPI: Core revision 20150930
[    3.610403] ACPI: 2 ACPI AML tables successfully acquired and loaded
[    3.616785] Security Framework initialized
[    3.617416] Yama: becoming mindful.
[    3.636927] AppArmor: AppArmor initialized
[    3.646295] Dentry cache hash table entries: 524288 (order: 10, 4194304 bytes)
[    3.652272] Inode-cache hash table entries: 262144 (order: 9, 2097152 bytes)
[    3.660247] Mount-cache hash table entries: 8192 (order: 4, 65536 bytes)
[    3.665130] Mountpoint-cache hash table entries: 8192 (order: 4, 65536 bytes)
[    3.666248] Initializing cgroup subsys io
[    3.690248] Initializing cgroup subsys memory
[    3.692032] Initializing cgroup subsys devices
[    3.704765] Initializing cgroup subsys freezer
[    3.712740] Initializing cgroup subsys net_cls
[    3.716425] Initializing cgroup subsys perf_event
[    3.717134] Initializing cgroup subsys net_prio
[    3.724411] Initializing cgroup subsys hugetlb
[    3.748714] Initializing cgroup subsys pids
[    3.770631] CPU: Physical Processor ID: 0
[    3.773329] CPU: Processor Core ID: 0
[    3.804898] mce: CPU supports 0 MCE banks
[    3.829686] Last level iTLB entries: 4KB 1024, 2MB 1024, 4MB 1024
[    3.862807] Last level dTLB entries: 4KB 1024, 2MB 1024, 4MB 1024, 1GB 4
[    3.887091] Freeing SMP alternatives memory: 28K (ffffffff820b4000 - ffffffff820bb000)
[    3.910490] ftrace: allocating 31994 entries in 125 pages
[    3.956585] smpboot: Max logical packages: 1
[    3.969004] smpboot: APIC(0) Converting physical 0 to logical package 0
[    4.007530] ..TIMER: vector=0x30 apic1=0 pin1=2 apic2=-1 pin2=-1
[    4.144998] smpboot: CPU0: Intel(R) Core(TM) i5-4590 CPU @ 3.30GHz (family: 0x6, model: 0x3c, stepping: 0x3)
[    4.178217] Performance Events: unsupported p6 CPU model 60 no PMU driver, software events only.
[    4.230059] KVM setup paravirtual spinlock
[    4.241439] x86: Booting SMP configuration:
[    4.269101] .... node  #0, CPUs:      #1
[    4.276737] kvm-clock: cpu 1, msr 1:1fff3041, secondary cpu clock
[    4.279350] mce: CPU supports 0 MCE banks
[    4.282828] x86: Booted up 1 node, 2 CPUs
[    4.319204] smpboot: Total of 2 processors activated (13169.55 BogoMIPS)
[    4.356115] devtmpfs: initialized
[    4.422161] evm: security.selinux
[    4.442849] evm: security.SMACK64
[    4.446873] evm: security.SMACK64EXEC
[    4.455339] evm: security.SMACK64TRANSMUTE
[    4.472674] evm: security.SMACK64MMAP
[    4.473271] evm: security.ima
[    4.473789] evm: security.capability
[    4.490548] clocksource: jiffies: mask: 0xffffffff max_cycles: 0xffffffff, max_idle_ns: 7645041785100000 ns
[    4.494038] pinctrl core: initialized pinctrl subsystem
[    4.496349] RTC time:  6:22:19, date: 07/31/16
[    4.497169] NET: Registered protocol family 16
[    4.516016] cpuidle: using governor ladder
[    4.536518] cpuidle: using governor menu
[    4.552769] PCCT header not found.
[    4.555353] ACPI: bus type PCI registered
[    4.556216] acpiphp: ACPI Hot Plug PCI Controller Driver version: 0.5
[    4.557536] PCI: Using configuration type 1 for base access
[    4.584533] ACPI: Added _OSI(Module Device)
[    4.607110] ACPI: Added _OSI(Processor Device)
[    4.608144] ACPI: Added _OSI(3.0 _SCP Extensions)
[    4.609071] ACPI: Added _OSI(Processor Aggregator Device)
[    4.610550] ACPI: Executed 1 blocks of module-level executable AML code
[    4.616843] ACPI: Interpreter enabled
[    4.635501] ACPI Exception: AE_NOT_FOUND, While evaluating Sleep State [\_S1_] (20150930/hwxface-580)
[    4.646788] ACPI Exception: AE_NOT_FOUND, While evaluating Sleep State [\_S2_] (20150930/hwxface-580)
[    4.654600] ACPI Exception: AE_NOT_FOUND, While evaluating Sleep State [\_S3_] (20150930/hwxface-580)
[    4.657873] ACPI Exception: AE_NOT_FOUND, While evaluating Sleep State [\_S4_] (20150930/hwxface-580)
[    4.659693] ACPI: (supports S0 S5)
[    4.660258] ACPI: Using IOAPIC for interrupt routing
[    4.661122] PCI: Using host bridge windows from ACPI; if necessary, use "pci=nocrs" and report a bug
[    4.665870] ACPI: PCI Root Bridge [PCI0] (domain 0000 [bus 00-ff])
[    4.667771] acpi PNP0A03:00: _OSC: OS supports [ASPM ClockPM Segments MSI]
[    4.669039] acpi PNP0A03:00: _OSC failed (AE_NOT_FOUND); disabling ASPM
[    4.703320] acpi PNP0A03:00: fail to add MMCONFIG information, can't access extended PCI configuration space under this bridge.
[    4.708992] PCI host bridge to bus 0000:00
[    4.709656] pci_bus 0000:00: root bus resource [io  0x0000-0x0cf7 window]
[    4.718313] pci_bus 0000:00: root bus resource [io  0x0d00-0xffff window]
[    4.719281] pci_bus 0000:00: root bus resource [mem 0x000a0000-0x000bffff window]
[    4.727097] pci_bus 0000:00: root bus resource [mem 0xe0000000-0xffdfffff window]
[    4.748311] pci_bus 0000:00: root bus resource [bus 00-ff]
[    4.771480] pci 0000:00:01.1: legacy IDE quirk: reg 0x10: [io  0x01f0-0x01f7]
[    4.785293] pci 0000:00:01.1: legacy IDE quirk: reg 0x14: [io  0x03f6]
[    4.791303] pci 0000:00:01.1: legacy IDE quirk: reg 0x18: [io  0x0170-0x0177]
[    4.856256] pci 0000:00:01.1: legacy IDE quirk: reg 0x1c: [io  0x0376]
[    4.949084] ACPI: PCI Interrupt Link [LNKA] (IRQs 5 9 10 11) *0, disabled.
[    4.975221] ACPI: PCI Interrupt Link [LNKB] (IRQs 5 9 10 *11)
[    4.985878] ACPI: PCI Interrupt Link [LNKC] (IRQs 5 9 *10 11)
[    4.987476] ACPI: PCI Interrupt Link [LNKD] (IRQs 5 *9 10 11)
[    4.993153] ACPI: Enabled 2 GPEs in block 00 to 07
[    5.009161] vgaarb: setting as boot device: PCI:0000:00:02.0
[    5.017004] vgaarb: device added: PCI:0000:00:02.0,decodes=io+mem,owns=io+mem,locks=none
[    5.027043] vgaarb: loaded
[    5.029699] vgaarb: bridge control possible 0000:00:02.0
[    5.032143] SCSI subsystem initialized
[    5.034010] ACPI: bus type USB registered
[    5.036023] usbcore: registered new interface driver usbfs
[    5.036821] usbcore: registered new interface driver hub
[    5.037612] usbcore: registered new device driver usb
[    5.041150] PCI: Using ACPI for IRQ routing
[    5.046371] NetLabel: Initializing
[    5.060732] NetLabel:  domain hash size = 128
[    5.061577] NetLabel:  protocols = UNLABELED CIPSOv4
[    5.069035] NetLabel:  unlabeled traffic allowed by default
[    5.079977] clocksource: Switched to clocksource kvm-clock
[    5.093081] AppArmor: AppArmor Filesystem Enabled
[   5.418] p:nPCPI init
[   31008] np PnP ACPI: found 3 devies

[  5.487817clksource: aci_: mask: 0xffffff max_cycles: 0xffffff, max_idle_n 205701024 ns
[    5.770303] NET: Registered protocol family 2

[    5.771165] TCP esablsh hh bl entrie 368orr:, 21 bes
[   3460 T bd sh table entrie: 27 (de: 7, 524288 bytes)
[    6.750965] TCP: Hash tables configured (established 32768 bind 32768)
[    6.752248] UDP hash table entries: 2048 (order: 4, 65536 bytes)
[   6.753339] UDP-Lite hash table entries: 2048 (order: 4, 65536 bytes)
[    6.776289] NET: Registered protocol family 1
[    6.777190] pci 0000:00:00.0: Limiting direct PCI/PCI transfers
[    6.778354] pci 0000:00:01.0: Activating ISA DMA hang workarounds
[    6.779992] Trying to unpack rootfs image as initrmf..

[    7.917743] Freeing initrd memory: 7280K (ffff8800371b8000 - ffff8800378d4000)
[    7.934983] PCI-DMA: Using software bounce buffering for IO (SWIOTLB)
[    7.941460] software IO TLB [mem 0xdbff0000-0xdfff0000] (64MB) mapped at [ffff8800dbff0000-ffff8800dffeffff]
[    7.956506] RAPL PMU detected, API unit is 2^-32 Joules, 4 fixed counters 10737418240 ms ovfl timer
[    7.962284] hw unit of domain pp0-core 2^-0 Joules
[    7.962982] hw unit of domain package 2^-0 Joules
[    7.963672] hw unit of domain dram 2^-0 Joules
[    7.971808] hw unit of domain pp1-gpu 2^-0 Joules
[    7.978868] platform rtc_cmos: registered platform RTC device (no PNP device found)
[    7.986146] Scanning for low memory corruption every 60 seconds
[    7.987309] futex hash table entries: 512 (order: 3, 32768 bytes)
[    7.991791] audit: initializing netlink subsys (disabled)
[    7.992597] audit: type=2000 audit(1469946143.002:1): initialized
[    7.993645] Initialise system trusted keyring
[    7.997193] HugeTLB registered 2 MB page size, pre-allocated 0 pages
[    8.003283] zbud: loaded
[    8.005095] VFS: Disk quotas dquot_6.6.0
[    8.010780] VFS: Dquot-cache hash table entries: 512 (order 0, 4096 bytes)
[    8.013479] squashfs: version 4.0 (2009/01/31) Phillip Lougher
[    8.017514] fuse init (API version 7.23)
[    8.023842] Key type big_key registered
[    8.024488] Allocating IMA MOK and blacklist keyrings.
[    8.026073] Key type asymmetric registered
[    8.030563] Asymmetric key parser 'x509' registered
[    8.039407] Block layer SCSI generic (bsg) driver version 0.4 loaded (major 249)
[    8.041921] io scheduler noop registered
[    8.042533] io scheduler deadline registered (default)
[    8.044550] io scheduler cfq registered
[    8.047313] pci_hotplug: PCI Hot Plug PCI Core version: 0.5
[    8.048100] pciehp: PCI Express Hot Plug Controller Driver version: 0.4
[    8.050490] ACPI: AC Adapter [AC] (on-line)
[    8.051170] input: Power Button as /devices/LNXSYSTM:00/LNXPWRBN:00/input/input0
[    8.052301] ACPI: Power Button [PWRF]
[    8.056807] input: Sleep Button as /devices/LNXSYSTM:00/LNXSLPBN:00/input/input1
[    8.057950] ACPI: Sleep Button [SLPF]
[    8.058702] GHES: HEST is not enabled!
[    8.059380] Serial: 8250/16550 driver, 32 ports, IRQ sharing enabled
[    8.086300] 00:02: ttyS0 at I/O 0x3f8 (irq = 4, base_baud = 115200) is a 16550A
[    8.095509] Linux agpgart interface v0.103
[    8.098441] brd: module loaded
[    8.103579] loop: module loaded
[    8.123857] scsi host0: ata_piix
[    8.159858] scsi host1: ata_piix
[    8.184396] ata1: PATA max UDMA/33 cmd 0x1f0 ctl 0x3f6 bmdma 0xd000 irq 14
[    8.186754] ata2: PATA max UDMA/33 cmd 0x170 ctl 0x376 bmdma 0xd008 irq 15
[    8.189917] libphy: Fixed MDIO Bus: probed
[    8.225598] tun: Universal TUN/TAP device driver, 1.6
[    8.228668] tun: (C) 1999-2004 Max Krasnyansky <maxk@qualcomm.com>
[    8.237621] PPP generic driver version 2.4.2
[    8.248156] ehci_hcd: USB 2.0 'Enhanced' Host Controller (EHCI) Driver
[    8.249046] ehci-pci: EHCI PCI platform driver
[    8.267103] ehci-platform: EHCI generic platform driver
[    8.267910] ohci_hcd: USB 1.1 'Open' Host Controller (OHCI) Driver
[    8.270239] ohci-pci: OHCI PCI platform driver
[    8.272313] ohci-platform: OHCI generic platform driver
[    8.273090] uhci_hcd: USB Universal Host Controller Interface driver
[    8.274017] i8042: PNP: PS/2 Controller [PNP0303:PS2K,PNP0f03:PS2M] at 0x60,0x64 irq 1,12
[    8.276053] serio: i8042 KBD port at 0x60,0x64 irq 1
[    8.281139] serio: i8042 AUX port at 0x60,0x64 irq 12
[    8.283995] mousedev: PS/2 mouse device common for all mice
[    8.285164] rtc_cmos rtc_cmos: rtc core: registered rtc_cmos as rtc0
[    8.287351] rtc_cmos rtc_cmos: alarms up to one day, 114 bytes nvram
[    8.288284] input: AT Translated Set 2 keyboard as /devices/platform/i8042/serio0/input/input2
[    8.294950] i2c /dev entries driver
[   8.299882] device-mapper: uevet: vrson.03

[    8.485603] device-mapper: ioctl: 4.34.0-ioctl (2015-10-28) initialised: dm-devel@redhat.com
[    8.541178] ledtrig-cpu: registered to indicate activity on CPUs
[    8.549865] NET: Registered protocol family 10
[    8.552476] NET: Registered protocol family 17
[    8.564588] Key type dns_resolver registered
[    8.568351] microcode: CPU0 sig=0x306c3, pf=0x40, revision=0x0
[    8.608531] microcode: CPU1 sig=0x306c3, pf=0x40, revision=0x0
[    8.625495] microcode: Microcode Update Driver: v2.01 <tigran@aivazian.fsnet.co.uk>, Peter Oruba
[    8.638822] registered taskstats version 1
[    8.652727] Loading compiled-in X.509 certificates
[    8.653966] Loaded X.509 cert 'Build time autogenerated kernel key: cfb4d0870811f0d88a3f3259915bd8e83759f99c'
[    8.658515] zswap: loaded using pool lzo/zbud
[    8.666191] Key type trusted registered
[    8.690952] Key type encrypted registered
[    8.706472] AppArmor: AppArmor sha1 policy hashing enabled
[    8.712756] ima: No TPM chip found, activating TPM-bypass!
[    8.718403] evm: HMAC attrs: 0x1
[    8.727095]   Magic number: 8:792:368
[    8.735676] rtc_cmos rtc_cmos: setting system clock to 2016-07-31 06:22:23 UTC (1469946143)
[    8.744378] BIOS EDD facility v0.16 2004-Jun-25, 0 devices found
[    8.764434] EDD information not available.
[    8.766116] Freeing unused kernel memory: 1480K (ffffffff81f42000 - ffffffff820b4000)
[    8.768824] Write protecting the kernel read-only data: 14336k
[    8.771487] Freeing unused kernel memory: 1836K (ffff880001835000 - ffff880001a00000)
[    8.782935] Freeing unused kernel memory: 156K (ffff880001dd9000 - ffff880001e00000)
Loading, please wait...
starting version[    8.806564] random: systemd-udevd urandom read with 2 bits of entropy available
 229
[    8.843307] Fusion MPT base driver 3.04.20
[    8.852708] Copyright (c) 1999-2008 LSI Corporation
[    8.862774] e1000: Intel(R) PRO/1000 Network Driver - version 7.3.21-k8-NAPI
[    8.871277] e1000: Copyright (c) 1999-2006 Intel Corporation.
[    8.896702] Fusion MPT SPI Host driver 3.04.20
[    8.982996] tsc: Refined TSC clocksource calibration: 3292.763 MHz
[    8.984233] clocksource: tsc: mask: 0xffffffffffffffff max_cycles: 0x2f7697cbcc2, max_idle_ns: 440795322975 ns
[    9.017906] AVX version of gcm_enc/dec engaged.
[    9.024387] AES CTR mode by8 optimization enabled
[    9.194043] input: ImExPS/2 Generic Explorer Mouse as /devices/platform/i8042/serio1/input/input4
[    9.344069] e1000 0000:00:03.0 eth0: (PCI:33MHz:32-bit) 02:93:8c:c7:da:19
[    9.408722] e1000 0000:00:03.0 eth0: Intel(R) PRO/1000 Network Connection
[    9.457554] mptbase: ioc0: Initiating bringup
[    9.592605] ioc0: LSI53C1030 A0: Capabilities={Initiator}
[   10.916312] scsi host2: ioc0: LSI53C1030 A0, FwRev=00000000h, Ports=1, MaxQ=256, IRQ=20
[   11.297337] scsi 2:0:0:0: Direct-Access     VBOX     HARDDISK         1.0  PQ: 0 ANSI: 5
[   11.349497] scsi target2:0:0: Beginning Domain Validation
[   11.366393] scsi target2:0:0: Domain Validation skipping write tests
[   11.397028] scsi target2:0:0: Ending Domain Validation
[   11.398180] scsi target2:0:0: asynchronous
[   11.401824] scsi 2:0:1:0: Direct-Access     VBOX     HARDDISK         1.0  PQ: 0 ANSI: 5
[   11.449597] scsi target2:0:1: Beginning Domain Validation
[   11.468834] scsi target2:0:1: Domain Validation skipping write tests
[   11.531520] scsi target2:0:1: Ending Domain Validation
[   11.554766] scsi target2:0:1: asynchronous
[   11.646734] sd 2:0:0:0: Attached scsi generic sg0 type 0
[   11.714392] sd 2:0:0:0: [sda] 20971520 512-byte logical blocks: (10.7 GB/10.0 GiB)
[   11.736525] e1000 0000:00:08.0 eth1: (PCI:33MHz:32-bit) 08:00:27:e2:6b:05
[   11.736528] e1000 0000:00:08.0 eth1: Intel(R) PRO/1000 Network Connection
[   11.830940] sd 2:0:1:0: Attached scsi generic sg1 type 0
[   11.832629] e1000 0000:00:03.0 enp0s3: renamed from eth0
[   11.833004] sd 2:0:0:0: [sda] Write Protect is off
[   11.833087] sd 2:0:0:0: [sda] Incomplete mode parameter data
[   11.833088] sd 2:0:0:0: [sda] Assuming drive cache: write through
[   11.834737]  sda: sda1
[   11.835203] sd 2:0:0:0: [sda] Attached SCSI disk
[   11.840063] sd 2:0:1:0: [sdb] 20480 512-byte logical blocks: (10.5 MB/10.0 MiB)
[   11.842447] sd 2:0:1:0: [sdb] Write Protect is off
[   11.842594] sd 2:0:1:0: [sdb] Incomplete mode parameter data
[   11.842595] sd 2:0:1:0: [sdb] Assuming drive cache: write through
[   11.844948] sd 2:0:1:0: [sdb] Attached SCSI disk
[   11.908981] e1000 0000:00:08.0 enp0s8: renamed from eth1
[   12.024518] floppy0: no floppy controllers found
Begin: Loading e[   13.333940] md: linear personality registered for level -1
ssential drivers[   13.368272] md: multipath personality registered for level -4
 ... [   13.397484] md: raid0 personality registered for level 0
[   13.466265] md: raid1 personality registered for level 1
[   13.601336] raid6: sse2x1   gen() 10058 MB/s
[   13.676305] raid6: sse2x1   xor()  6799 MB/s
[   13.776439] raid6: sse2x2   gen() 11516 MB/s
[   13.852083] raid6: sse2x2   xor()  8934 MB/s
[   13.952130] raid6: sse2x4   gen() 15070 MB/s
[   14.036597] raid6: sse2x4   xor() 10158 MB/s
[   14.060562] raid6: using algorithm sse2x4 gen() 15070 MB/s
[   14.061355] raid6: .... xor() 10158 MB/s, rmw enabled
[   14.062100] raid6: using ssse3x2 recovery algorithm
[   14.074603] xor: automatically using best checksumming function:
[   14.120551]    avx       : 23675.000 MB/sec
[   14.135999] async_tx: api initialized (async)
[   14.173959] md: raid6 personality registered for level 6
[   14.175050] md: raid5 personality registered for level 5
[   14.176132] md: raid4 personality registered for level 4
[   14.181646] md: raid10 personality registered for level 10
done.
Begin: Running /scripts/init-premount ... done.
Begin: Mounting root file system ... Begin: Running /scripts/local-top ... done.
Begin: Running /scripts/local-premount ... [   14.239281] Btrfs loaded
Scanning for Btrfs filesystems
done.
Warning: fsck not present, so [   14.275459] EXT4-fs (sda1): mounted filesystem with ordered data mode. Opts: (null)
skipping root file system
done.
Begin: Running /scripts/local-bottom ... done.
Begin: Running /scripts/init-bottom ... Warning: overlayroot: debug is busted
done.
[   14.394963] systemd[1]: systemd 229 running in system mode. (+PAM +AUDIT +SELINUX +IMA +APPARMOR +SMACK +SYSVINIT +UTMP +LIBCRYPTSETUP +GCRYPT +GNUTLS +ACL +XZ -LZ4 +SECCOMP +BLKID +ELFUTILS +KMOD -IDN)
[   14.442821] systemd[1]: Detected virtualization oracle.
[   14.452199] systemd[1]: Detected architecture x86-64.

Welcome to [1mUbuntu 16.04.1 LTS[0m!

[   14.470735] systemd[1]: Set hostname to <ubuntu>.
[   14.472919] systemd[1]: Initializing machine ID from random generator.
[   14.500923] systemd[1]: Installed transient /etc/machine-id file.
[   14.627845] systemd[1]: Reached target User and Group Name Lookups.
[[0;32m  OK  [0m] Reached target User and Group Name Lookups.
[   4.656461] systemd1]Lieng o LVM2 poll daemon socket.

[[0;32m  OK  [0m] Listening on LVM2 poll daemon socket.
[   14.873812] systemd[1]: Listening on Journal Socket.
[[0;32m  OK  [0m] Listening on Journal Socket.
[   14.878839] systemd[1]: Listening on Journal Audit Socket.
[[0;32m  OK  [0m] Listening on Journal Audit Socket.
[   14.881293] systemd[1]: Listening on udev Control Socket.
[[0;32m  OK  [0m] Listening on udev Control Socket.
[   14.884696] systemd[1]: Created slice System Slice.
[[0;32m  OK  [0m] Created slice System Slice.
[   14.932757] systemd[1]: Starting Load Kernel Modules...
         Starting Load Kernel Modules...
[   14.958460] Loading iSCSI transport class v2.0-870.
[   14.958719] systemd[1]: Created slice system-serial\x2dgetty.slice.
[[0;32m  OK  [0m] Created slice system-serial\x2dgetty.slice.
[   14.961391] systemd[1]: Mounting POSIX Message Queue File System...
         Mountin[   14.987986] iscsi: registered transport (tcp)
g POSIX Message Queue File System...
[   14.990757] systemd[1]: Starting Create list of required static device nodes for the current kernel...
         Starting Create list of required st... nodes for the current kernel...
[   15.009142] systemd[1]: Set up automount Arbitrary Executable File Formats File System Automount Point.
[[0;32m  OK  [0m] Set up automount Arbitrary Executab...ats File System Automount Point.
[   15.024181] iscsi: registered transport (iser)
[   15.024191] systemd[1]: Listening on Journal Socket (/dev/log).
[[0;32m  OK  [0m] Listening on Journal Socket (/dev/log).
[   15.065094] systemd[1]: Reached target Encrypted Volumes.
[[0;32m  OK  [0m] Reached target Encrypted Volumes.
[   15.089932] systemd[1]: Started Forward Password Requests to Wall Directory Watch.
[[0;32m  OK  [0m] Started Forward Password Requests to Wall Directory Watch.
[   15.169160] systemd[1]: Created slice User and Session Slice.
[[0;32m  OK  [0m] Created slice User and Session Slice.
[   15.216505] systemd[1]: Reached target Slices.
[[0;32m  OK  [0m] Reached target Slices.
[   15.332673] systemd[1]: Mounting Huge Pages File System...
         Mounting Huge Pages File System...
[   15.365991] systemd[1]: Listening on /dev/initctl Compatibility Named Pipe.
[[0;32m  OK  [0m] Listening on /dev/initctl Compatibility Named Pipe.
[   15.420574] systemd[1]: Reached target Swap.
[[0;32m  OK  [0m] Reached target Swap.
[   15.448840] systemd[1]: Starting Set console keymap...
         Starting Set console keymap...
[   15.480922] systemd[1]: Listening on Syslog Socket.
[[0;32m  OK  [0m] Listening on Syslog Socket.
[   15.532335] systemd[1]: Starting Journal Service...
         Starting Journal Service...
[   15.561169] systemd[1]: Mounting Debug File System...
         Mounting Debug File System...
[   15.584744] systemd[1]: Starting Nameserver information manager...
         Starting Nameserver information manager...
[   15.596784] systemd[1]: Listening on LVM2 metadata daemon socket.
[[0;32m  OK  [0m] Listening on LVM2 metadata daemon socket.
[   15.672556] systemd[1]: Listening on Device-mapper event daemon FIFOs.
[[0;32m  OK  [0m] Listening on Device-mapper event daemon FIFOs.
[   15.709008] systemd[1]: Starting Monitoring of LVM2 mirrors, snapshots etc. using dmeventd or progress polling...
         Starting Monitoring of LVM2 mirrors... dmeventd or progress polling...
[   15.760852] systemd[1]: Starting Remount Root and Kernel File Systems...
[   15.763171] EXT4-fs (sda1): re-mounted. Opts: (null)
         Starting Remount Root and Kernel File Systems...
[   15.800954] systemd[1]: Listening on udev Kernel Socket.
[[0;32m  OK  [0m] Listening on udev Kernel Socket.
[   15.840995] systemd[1]: Starting Uncomplicated firewall...
         Starting Uncomplicated firewall...
[   15.862776] systemd[1]: Mounted Huge Pages File System.
[[0;32m  OK  [0m] Mounted Huge Pages File System.
[   15.908425] systemd[1]: Mounted POSIX Message Queue File System.
[[0;32m  OK  [0m] Mounted POSIX Message Queue File System.
[   15.940650] systemd[1]: Mounted Debug File System.
[[0;32m  OK  [0m] Mounted Debug File System.
[   15.964249] systemd[1]: Started Journal Service.
[[0;32m  OK  [0m] Started Journal Service.
[[0;32m  OK  [0m] Started Load Kernel Modules.
[[0;32m  OK  [0m] Started Create list of required sta...ce nodes for the current kernel.
[[0;32m  OK  [0m] Started Set console keymap.
[[0;32m  OK  [0m] Started Remount Root and Kernel File Systems.
[[   16.064886] random: nonblocking pool is initialized
[0;32m  OK  [0m] Started Uncomplicated firewall.
[[0;32m  OK  [0m] Started Nameserver information manager.
[[0;32m  OK  [0m] Started LVM2 metadata daemon.
         Starting Load/Save Random Seed...
         Starting udev Coldplug all Devices...
         Starting Create Static Device Nodes in /dev...
         Mounting FUSE Control File System...
         Starting Apply Kernel Variables...
         Starting Flush Journal to Persistent Storage...
[[0;32m  OK  [0m] Mounted FUSE Control File System.
[[0;32m  OK  [0m] Started Load/Save Random Seed.
[[0;32m  OK  [0m] Started Create Static Device Nodes in /dev.
[[0;32m  OK  [0m] Started Apply Kernel Variables.
[[0;32m  OK  [0m] Started udev Coldplug all Devices.
[[0;32m  OK  [0m] Started Flush Journal to Persistent Storage.
         Starting udev Kernel Device Manager...
[[0;32m  OK  [0m] Started udev Kernel Device Manager.
[[0;32m  OK  [0m] Started Dispatch Password Requests to Console Directory Watch.
[[0;32m  OK  [0m] Found device /dev/ttyS0.
[[0;32m  OK  [0m] Started Monitoring of LVM2 mirrors,...ng dmeventd or progress polling.
[[0;32m  OK  [0m] Reached target Local File Systems (Pre).
[[0;32m  OK  [0m] Reached target Local File Systems.
         Starting Create Volatile Files and Directories...
         Starting LSB: AppArmor initialization...
         Starting Set console font and keymap...
         Starting Initial cloud-init job (pre-networking)...
         Starting Commit a transient machine-id on disk...
         Starting Tell Plymouth To Write Out Runtime Data...
[[0;32m  OK  [0m] Started Create Volatile Files and Directories.
[[0;32m  OK  [0m] Started Commit a transient machine-id on disk.
[[0;32m  OK  [0m] Started Set console font and keymap.
[[0;32m  OK  [0m] Started Tell Plymouth To Write Out Runtime Data.
[[0;32m  OK  [0m] Listening on Load/Save RF Kill Switch Status /dev/rfkill Watch.
[[0;32m  OK  [0m] Created slice system-getty.slice.
         Starting Update UTMP about System Boot/Shutdown...
         Starting Network Time Synchronization...
[[0;32m  OK  [0m] Started Update UTMP about System Boot/Shutdown.
[[0;32m  OK  [0m] Started Network Time Synchronization.
[[0;32m  OK  [0m] Reached target System Time Synchronized.
[[0;32m  OK  [0m] Started LSB: AppArmor initialization.
[[0;32m  OK  [0m] Reached target System Initialization.
[[0;32m  OK  [0m] Started ACPI Events Check.
[[0;32m  OK  [0m] Listening on D-Bus System Message Bus Socket.
         Starting LXD - unix socket.
[[0;32m  OK  [0m] Listening on ACPID Listen Socket.
[[0;32m  OK  [0m] Started Daily apt activities.
[[0;32m  OK  [0m] Started Trigger resolvconf update for networkd DNS.
[[0;32m  OK  [0m] Reached target Paths.
[[0;32m  OK  [0m] Started Timer to automatically refresh installed snaps.
         Starting Socket activation for snappy daemon.
[[0;32m  OK  [0m] Listening on UUID daemon activation socket.
[[0;32m  OK  [0m] Started Daily Cleanup of Temporary Directories.
[[0;32m  OK  [0m] Reached target Timers.
[[0;32m  OK  [0m] Listening on LXD - unix socket.
[[0;32m  OK  [0m] Listening on Socket activation for snappy daemon.
[[0;32m  OK  [0m] Reached target Sockets.
[[0;32m  OK  [0m] Reached target Basic System.
[[0;32m  OK  [0m] Started Deferred execution scheduler.
[[0;32m  OK  [0m] Started Regular background program processing daemon.
[[0;32m  OK  [0m] Started D-Bus System Message Bus.
[[0;32m  OK  [0m] Started FUSE filesystem for LXC.
[[0;32m  OK  [0m] Started ACPI event daemon.
[   13.830575] cloud-init[1768]: Cloud-init v. 0.7.7 running 'init-local' at Sun, 31 Jul 2016 06:22:32 +0000. Up 13.60 seconds.
         Starting LSB: Record successful boot for GRUB...
         Starting LSB: MD monitoring daemon...
         Starting Accounts Service...
         Starting Login Service...
         Starting System Logging Service...
[[0;32m  OK  [0m] Started Snappy daemon.
         Starting LXD - container startup/shutdown...
[[0;32m  OK  [0m] Started System Logging Service.
[[0;32m  OK  [0m] Started Initial cloud-init job (pre-networking).
[[0;32m  OK  [0m] Started LXD - container startup/shutdown.
[[0;32m  OK  [0m] Started LSB: Record successful boot for GRUB.
[[0;32m  OK  [0m] Started LSB: MD monitoring daemon.
         Starting Authenticate and Authorize Users to Run Privileged Tasks...
[[0;32m  OK  [0m] Reached target Network (Pre).
         Starting Raise network interfaces...
[[0;32m  OK  [0m] Started Login Service.
[[0;32m  OK  [0m] Started Authenticate and Authorize Users to Run Privileged Tasks.
[[0;32m  OK  [0m] Started Accounts Service.
[[0;32m  OK  [0m] Started Raise network interfaces.
[[0;32m  OK  [0m] Reached target Network.
         Starting Initial cloud-init job (metadata service crawler)...
[   16.251351] cloud-init[2100]: Cloud-init v. 0.7.7 running 'init' at Sun, 31 Jul 2016 06:22:34 +0000. Up 15.52 seconds.
[   16.281364] cloud-init[2100]: ci-info: ++++++++++++++++++++++++++++++++++++++Net device info++++++++++++++++++++++++++++++++++++++
[   16.308683] [cloud-init[0;32m  OK  [0m[2100]: ] ci-info: +--------+-------+----------------------------+---------------+-------+-------------------+Started Initial cloud-init job (metadata service crawler).

[   16.308851] cloud-init[2100]: ci-info: | Device |   Up  |          Address           |      Mask     | Scope |     Hw-Address    |
[   16.498459] [cloud-init[0;32m  OK  [0m[2100]: ] ci-info: +--------+-------+----------------------------+---------------+-------+-------------------+Reached target Network is Online.

[   16.498680] cloud-init[2100]: ci-info: | enp0s8 | False |             .              |       .       |   .   | 08:00:27:e2:6b:05 |
[   16.757159]          cloud-initStarting iSCSI initiator daemon (iscsid)...[2100]: 
ci-info: | enp0s3 |  True |         10.0.2.15          | 255.255.255.0 |   .   | 02:93:8c:c7:da:19 |
[   16.832518]          cloud-initStarting Seed the pseudo random number generator on first boot...[2100]: 
ci-info: | enp0s3 |  True | fe80::93:8cff:fec7:da19/64 |       .       |  link | 02:93:8c:c7:da:19 |
[   16.886516]          cloud-initStarting /etc/rc.local Compatibility...[2100]: 
ci-info: |   lo   |  True |         127.0.0.1          |   255.0.0.0   |   .   |         .         |
[[   16.984266] [0;32m  OK  [0mcloud-init] [2100]: Reached target Cloud-config availability.ci-info: |   lo   |  True |          ::1/128           |       .       |  host |         .         |

[   17.016454]          cloud-initStarting Apply the settings specified in cloud-config...[2100]: 
ci-info: +--------+-------+----------------------------+---------------+-------+-------------------+
[   17.140677] [cloud-init[0;32m  OK  [0m[2100]: ] ci-info: +++++++++++++++++++++++++++Route IPv4 info++++++++++++++++++++++++++++Started /etc/rc.local Compatibility.

[   17.140919] [cloud-init[0;32m  OK  [0m[2100]: ] ci-info: +-------+-------------+----------+---------------+-----------+-------+Started iSCSI initiator daemon (iscsid).

[   17.237278]          cloud-initStarting Login to default iSCSI targets...[2100]: 
ci-info: | Route | Destination | Gateway  |    Genmask    | Interface | Flags |
[   17.248023] cloud-init[2100]: ci-info: +-------+-------------+----------+---------------+-----------+-------+
[   17.294377] cloud-init[2100]: ci-info: |   0   |   0.0.0.0   | 10.0.2.2 |    0.0.0.0    |   enp0s3  |   UG  |
[   17.336363] cloud-init[2100]: ci-info: |   1   |   10.0.2.0  | 0.0.0.0  | 255.255.255.0 |   enp0s3  |   U   |
[[0;32m  OK  [0m[   17.395675] cloud-init[2100]: ci-info: +-------+-------------+----------+---------------+-----------+-------+
] Started Login to default iSCSI targets.
[   17.396156] cloud-init[2100]: Generating public/private rsa key pair.
[[0;32m  OK  [0m[   17.420483] ] cloud-initReached target Remote File Systems (Pre).[2100]: 
Your identification has been saved in /etc/ssh/ssh_host_rsa_key.
[   17.450246] [cloud-init[0;32m  OK  [0m[2100]: ] Your public key has been saved in /etc/ssh/ssh_host_rsa_key.pub.Reached target Remote File Systems.

[   17.486670]          cloud-initStarting LSB: daemon to balance interrupts for SMP systems...[2100]: 
The key fingerprint is:
         [   17.501843] Starting Permit User Sessions...cloud-init
[2100]: SHA256:yHj18+jXuq3hrV8bkMWXY3OQG7DayD7h9KI6gJs/Y+w root@ubuntu-xenial
[   17.511119]          cloud-initStarting LSB: Set the CPU Frequency Scaling governor to "ondemand"...[2100]: 
The key's randomart image is:
[   17.517087] cloud-init[2100]: +---[RSA 2048]----+
[   17.576218]          cloud-initStarting LSB: automatic crash report generation...[2100]: 
|            .... |
[   17.619073] [cloud-init[0;32m  OK  [0m[2100]: ] |             .+..|Started Permit User Sessions.

[   17.619296] cloud-init[2100]: |        .   .  Xo|
[   17.624418] cloud-init[2100]: |     o o o +  = =|
[   17.629358] cloud-init[2100]: |   .. + S O .o   |
[   17.678703]          cloud-initStarting Hold until boot process finishes up...[2100]: 
|  . ..   + *  .  |
[   17.746543]          cloud-initStarting Terminate Plymouth Boot Screen...[2100]: 
|   + .    * +. ..|
[   17.797875] [cloud-init[0;32m  OK  [0m[2100]: ] |  o = .  o +.+..o|Started LSB: daemon to balance interrupts for SMP systems.

[[   17.798078] [0;32m  OK  [0mcloud-init] [2100]: Started LSB: Set the CPU Frequency Scaling governor to "ondemand".|   +Eo.o. ..**+. |

[   17.830953] [cloud-init[0;32m  OK  [0m[2100]: ] +----[SHA256]-----+Started Hold until boot process finishes up.

[   17.831145] [cloud-init[0;32m  OK  [0m[2100]: ] Generating public/private dsa key pair.Started Terminate Plymouth Boot Screen.

[   17.840286] cloud-init[2100]: Your identification has been saved in /etc/ssh/ssh_host_dsa_key.
[   17.847608] cloud-init[2100]: Your public key has been saved in /etc/ssh/ssh_host_dsa_key.pub.
[   17.852490] cloud-init[2100]: The key fingerprint is:
[   17.862229]          cloud-initStarting Set console scheme...[2100]: 
SHA256:m1dCiLP99a7+R/dETge+I28L4S68qQSlsr9adyNWz8g root@ubuntu-xenial
[[0;32m  OK  [0m] Started Getty on tty1.
[   17.893009] cloud-init[2100]: The key's randomart image is:
[   17.926409] cloud-init[2100]: +---[DSA 1024]----+
[[0;32m  OK  [0m] Started Serial Getty on ttyS0.
[[0;32m  OK  [0m] Reached target Login Prompts.
[[0;32m  OK  [0m] Started LSB: automatic crash report generation.
[   17.931208] cloud-init[2100]: |                 |
[   17.933303] cloud-init[2100]: |       . .    .  |
[[0;32m  OK  [0m] Started Set console scheme.
[   17.936884] cloud-init[2100]: |      o o .  . . |
[   17.939738] cloud-init[2100]: |       * .    . +|
[   17.947835] cloud-init[2100]: |    . + S o +  =.|
[   17.948956] cloud-init[2100]: |     o . * O.oo =|
[   17.950865] cloud-init[2100]: |    . . B.E =o.+o|
[   17.951949] cloud-init[2100]: |     o + +o+ oo o|
[   17.956472] cloud-init[2100]: |    ..o...o++++o |
[   17.960395] cloud-init[2100]: +----[SHA256]-----+
[   17.968338] cloud-init[2100]: Generating public/private ecdsa key pair.
[   17.979249] cloud-init[2100]: Your identification has been saved in /etc/ssh/ssh_host_ecdsa_key.
[   17.981557] cloud-init[2100]: Your public key has been saved in /etc/ssh/ssh_host_ecdsa_key.pub.
[   18.054688] cloud-init[2100]: The key fingerprint is:
[   18.056830] cloud-init[2100]: SHA256:0oR9oR0PBPbp7hOdzKUvFAkKYFrh2gwmzOcfz7u5SDA root@ubuntu-xenial
[   18.059103] cloud-init[2100]: The key's randomart image is:
[   18.061717] cloud-init[2100]: +---[ECDSA 256]---+
[   18.064017] cloud-init[2100]: |    =o  oo=      |
[   18.076222] cloud-init[2100]: |o  =  .+ +.*     |
[   18.077329] cloud-init[2100]: |.o+.. ..+.=...   |
[   18.080856] cloud-init[2100]: | oo=   o.o  o .  |
[   18.083279] cloud-init[2100]: |  .Eo.. S .+ =   |
[   18.120582] cloud-init[2100]: |    + +. .. B    |
[   18.161047] cloud-init[2100]: |     o o  .o .   |
[   18.162127] cloud-init[2100]: |    . . o.. . .  |
[   18.163176] cloud-init[2100]: |     . =o .. .   |
[   18.165050] cloud-init[2100]: +----[SHA256]-----+
[   18.208813] cloud-init[2100]: Generating public/private ed25519 key pair.
[   18.294083] cloud-init[2100]: Your identification has been saved in /etc/ssh/ssh_host_ed25519_key.
[   18.295516] cloud-init[2100]: Your public key has been saved in /etc/ssh/ssh_host_ed25519_key.pub.
[   18.332507] cloud-init[2100]: The key fingerprint is:
[   18.343188] cloud-init[2100]: SHA256:DIyDR2cMxD+u4NhMb76YvpnF6t9/0LueXheFIktaQ60 root@ubuntu-xenial
[   18.370234] cloud-init[2100]: The key's randomart image is:
[   18.389673] cloud-init[2100]: +--[ED25519 256]--+
[   18.395885] [cloud-init[0;32m  OK  [0m[2100]: ] |   o+oo   ..     |Stopped OpenBSD Secure Shell server.

[   18.396125] cloud-init[2100]: |   o.=.  .  .  . |
[   18.412849]          cloud-initStarting OpenBSD Secure Shell server...[2100]: 
|  . +.o   =.. . .|
[   18.465871] [cloud-init[0;32m  OK  [0m[2100]: ] |   . .oo +E+ . . |Started OpenBSD Secure Shell server.

[   18.466087] cloud-init[2100]: |     . .S..   .  |
[   18.600524] cloud-init[2100]: |  o.  . . .    . |
[   18.648535] cloud-init[2100]: | * oo.   . .. .  |
[   18.682894] cloud-init[2100]: |. +B+.    oo .   |
[   18.732385] cloud-init[2100]: | oX=+....+=.     |
[   18.765151] cloud-init[2100]: +----[SHA256]-----+
[   18.785452] cloud-init[2220]: Generating locales (this might take a while)...
[   18.805286] cloud-init[2220]:   en_US.UTF-8... done
[   18.807310] cloud-init[2220]: Generation complete.
[   18.841258] [cloud-init[0;32m  OK  [0m[2220]: ] Cloud-init v. 0.7.7 running 'modules:config' at Sun, 31 Jul 2016 06:22:36 +0000. Up 17.34 seconds.Started Apply the settings specified in cloud-config.

         Starting Execute cloud user/final scripts...
ci-info: no authorized ssh keys fingerprints found for user ubuntu.
<14>Jul 31 06:22:38 ec2: 
<14>Jul 31 06:22:38 ec2: #############################################################
<14>Jul 31 06:22:38 ec2: -----BEGIN SSH HOST KEY FINGERPRINTS-----
<14>Jul 31 06:22:38 ec2: 1024 SHA256:m1dCiLP99a7+R/dETge+I28L4S68qQSlsr9adyNWz8g root@ubuntu-xenial (DSA)
<14>Jul 31 06:22:38 ec2: 256 SHA256:0oR9oR0PBPbp7hOdzKUvFAkKYFrh2gwmzOcfz7u5SDA root@ubuntu-xenial (ECDSA)
<14>Jul 31 06:22:38 ec2: 256 SHA256:DIyDR2cMxD+u4NhMb76YvpnF6t9/0LueXheFIktaQ60 root@ubuntu-xenial (ED25519)
<14>Jul 31 06:22:38 ec2: 2048 SHA256:yHj18+jXuq3hrV8bkMWXY3OQG7DayD7h9KI6gJs/Y+w root@ubuntu-xenial (RSA)
<14>Jul 31 06:22:38 ec2: -----END SSH HOST KEY FINGERPRINTS-----
<14>Jul 31 06:22:38 ec2: #############################################################
-----BEGIN SSH HOST KEY KEYS-----
ecdsa-sha2-nistp256 AAAAE2VjZHNhLXNoYTItbmlzdHAyNTYAAAAIbmlzdHAyNTYAAABBBLqAc4Oqd68xkwhHxw6d6TvsTk6qgWTzvnlIpzn/xoodRJURpycanqB4txQ7UhExoV2Jn1gIGaASL4Pc3w+ycMs= root@ubuntu-xenial
ssh-ed25519 AAAAC3NzaC1lZDI1NTE5AAAAINUvKIHcOv28efC/re/74Fg+5yINxXp8Kio03Ivqu1ru root@ubuntu-xenial
ssh-rsa AAAAB3NzaC1yc2EAAAADAQABAAABAQDsIQMvWE2BZT+Magnw5nbdbnoIXOG06Jk9gP+37R9gcbTeaTfeu+u3mLlD982uGn3W4/AOTPTL78tyKg3rl2KrWlSpXRUeJhX0KmjntQSKy2tcHSXjmezX1rG6hNrfb3R8qU9JQZPwMkrPqP6UWx0P/AaHNN8LGkiHZxiXyRiaZ7O7ga+P6U+3lPC+j6NymQbJPsVsrcNPyAu/OfucwmOE1Q3f46aPJ979kbaagcC5VqRvpCfZ2OJlUGQr4KuM7+Ldypvzb7KQMt2R8debYDuUViFlPHq8RPI+9IPaiAk02qpdV30cH47xSOkeZyNMaC57S8Ude5xdIwQ/8g2KWKPz root@ubuntu-xenial
-----END SSH HOST KEY KEYS-----
[[0;32m  OK  [0m] Created slice User Slice of ubuntu.
[   19.432867] cloud-init[2341]: Cloud-init v. 0.7.7 running 'modules:final' at Sun, 31 Jul 2016 06:22:38 +0000. Up 19.13 seconds.
[   19.480364]          cloud-initStarting User Manager for UID 1000...[2341]: 
ci-info: no authorized ssh keys fingerprints found for user ubuntu.
[   19.489118] [cloud-init[0;32m  OK  [0m[2341]: ] Cloud-init v. 0.7.7 finished at Sun, 31 Jul 2016 06:22:38 +0000. Datasource DataSourceNoCloud [seed=/dev/sdb][dsmode=net].  Up 19.42 secondsStarted User Manager for UID 1000.

[[0;32m  OK  [0m] Started Execute cloud user/final scripts.
[[0;32m  OK  [0m] Started Session 1 of user ubuntu.
[[0;32m  OK  [0m] Reached target Cloud-init target.
[[0;32m  OK  [0m] Started Seed the pseudo random number generator on first boot.
[[0;32m  OK  [0m] Reached target Multi-User System.
[[0;32m  OK  [0m] Reached target Graphical Interface.
         Starting Update UTMP about System Runlevel Changes...
[[0;32m  OK  [0m] Started Update UTMP about System Runlevel Changes.

Ubuntu 16.04.1 LTS ubuntu-xenial ttyS0

ubuntu-xenial login: 